0 info it worked if it ends with ok
1 verbose cli [ '/usr/local/bin/node',
1 verbose cli   '/usr/local/bin/npm',
1 verbose cli   'run',
1 verbose cli   'dev-start' ]
2 info using npm@3.10.8
3 info using node@v6.9.1
4 verbose run-script [ 'predev-start', 'dev-start', 'postdev-start' ]
5 info lifecycle portfolio@1.0.0~predev-start: portfolio@1.0.0
6 silly lifecycle portfolio@1.0.0~predev-start: no script for predev-start, continuing
7 info lifecycle portfolio@1.0.0~dev-start: portfolio@1.0.0
8 verbose lifecycle portfolio@1.0.0~dev-start: unsafe-perm in lifecycle true
9 verbose lifecycle portfolio@1.0.0~dev-start: PATH: /usr/local/lib/node_modules/npm/bin/node-gyp-bin:/Users/capezzuto/portfolio/node_modules/.bin:/usr/local/Cellar/mongodb/3.4.0/bin:/usr/local/bin:/usr/bin:/bin:/usr/sbin:/sbin:/opt/X11/bin
10 verbose lifecycle portfolio@1.0.0~dev-start: CWD: /Users/capezzuto/portfolio
11 silly lifecycle portfolio@1.0.0~dev-start: Args: [ '-c', 'NODE_ENV=development node server.js' ]
12 silly lifecycle portfolio@1.0.0~dev-start: Returned: code: 1  signal: null
13 info lifecycle portfolio@1.0.0~dev-start: Failed to exec dev-start script
14 verbose stack Error: portfolio@1.0.0 dev-start: `NODE_ENV=development node server.js`
14 verbose stack Exit status 1
14 verbose stack     at EventEmitter.<anonymous> (/usr/local/lib/node_modules/npm/lib/utils/lifecycle.js:255:16)
14 verbose stack     at emitTwo (events.js:106:13)
14 verbose stack     at EventEmitter.emit (events.js:191:7)
14 verbose stack     at ChildProcess.<anonymous> (/usr/local/lib/node_modules/npm/lib/utils/spawn.js:40:14)
14 verbose stack     at emitTwo (events.js:106:13)
14 verbose stack     at ChildProcess.emit (events.js:191:7)
14 verbose stack     at maybeClose (internal/child_process.js:877:16)
14 verbose stack     at Process.ChildProcess._handle.onexit (internal/child_process.js:226:5)
15 verbose pkgid portfolio@1.0.0
16 verbose cwd /Users/capezzuto/portfolio
17 error Darwin 14.5.0
18 error argv "/usr/local/bin/node" "/usr/local/bin/npm" "run" "dev-start"
19 error node v6.9.1
20 error npm  v3.10.8
21 error code ELIFECYCLE
22 error portfolio@1.0.0 dev-start: `NODE_ENV=development node server.js`
22 error Exit status 1
23 error Failed at the portfolio@1.0.0 dev-start script 'NODE_ENV=development node server.js'.
23 error Make sure you have the latest version of node.js and npm installed.
23 error If you do, this is most likely a problem with the portfolio package,
23 error not with npm itself.
23 error Tell the author that this fails on your system:
23 error     NODE_ENV=development node server.js
23 error You can get information on how to open an issue for this project with:
23 error     npm bugs portfolio
23 error Or if that isn't available, you can get their info via:
23 error     npm owner ls portfolio
23 error There is likely additional logging output above.
24 verbose exit [ 1, true ]
